Using pre-set license
Built from '2020.3/staging' branch; Version is '2020.3.5f1 (8095aa901b9b) revision 8426922'; Using compiler version '192528614'; Build Type 'Release'
OS: 'Windows 10 Home Single Language; OS build 19042.1348; Version 2009; 64bit' Language: 'es' Physical Memory: 16226 MB
BatchMode: 1, IsHumanControllingUs: 0, StartBugReporterOnCrash: 0, Is64bit: 1, IsPro: 0

 COMMAND LINE ARGUMENTS:
C:\Program Files\Unity\Hub\Editor\2020.3.5f1\Editor\Unity.exe
-adb2
-batchMode
-noUpm
-name
AssetImportWorker0
-projectPath
C:/Users/matia/Desktop/Matias A. Vallejos/Github/Github.Personal/UN-unity-learn-examples/Project.MVVMUniRx
-logFile
Logs/AssetImportWorker0.log
-srvPort
54172
Successfully changed project path to: C:/Users/matia/Desktop/Matias A. Vallejos/Github/Github.Personal/UN-unity-learn-examples/Project.MVVMUniRx
C:/Users/matia/Desktop/Matias A. Vallejos/Github/Github.Personal/UN-unity-learn-examples/Project.MVVMUniRx
Using Asset Import Pipeline V2.
Refreshing native plugins compatible for Editor in 65.34 ms, found 1 plugins.
Preloading 0 native plugins for Editor in 0.00 ms.
Initialize engine version: 2020.3.5f1 (8095aa901b9b)
[Subsystems] Discovering subsystems at path C:/Program Files/Unity/Hub/Editor/2020.3.5f1/Editor/Data/Resources/UnitySubsystems
[Subsystems] Discovering subsystems at path C:/Users/matia/Desktop/Matias A. Vallejos/Github/Github.Personal/UN-unity-learn-examples/Project.MVVMUniRx/Assets
GfxDevice: creating device client; threaded=0
Direct3D:
    Version:  Direct3D 11.0 [level 11.1]
    Renderer: NVIDIA GeForce GTX 1050 (ID=0x1c8d)
    Vendor:   
    VRAM:     4019 MB
    Driver:   30.0.14.7212
Initialize mono
Mono path[0] = 'C:/Program Files/Unity/Hub/Editor/2020.3.5f1/Editor/Data/Managed'
Mono path[1] = 'C:/Program Files/Unity/Hub/Editor/2020.3.5f1/Editor/Data/MonoBleedingEdge/lib/mono/unityjit'
Mono config path = 'C:/Program Files/Unity/Hub/Editor/2020.3.5f1/Editor/Data/MonoBleedingEdge/etc'
Using monoOptions --debugger-agent=transport=dt_socket,embedding=1,server=y,suspend=n,address=127.0.0.1:56492
Begin MonoManager ReloadAssembly
Registering precompiled unity dll's ...
Register platform support module: C:/Program Files/Unity/Hub/Editor/2020.3.5f1/Editor/Data/PlaybackEngines/WebGLSupport/UnityEditor.WebGL.Extensions.dll
Register platform support module: C:/Program Files/Unity/Hub/Editor/2020.3.5f1/Editor/Data/PlaybackEngines/WindowsStandaloneSupport/UnityEditor.WindowsStandalone.Extensions.dll
Registered in 0.004048 seconds.
Native extension for WindowsStandalone target not found
Native extension for WebGL target not found
Refreshing native plugins compatible for Editor in 66.59 ms, found 1 plugins.
Preloading 0 native plugins for Editor in 0.00 ms.
Mono: successfully reloaded assembly
- Completed reload, in  3.186 seconds
Platform modules already initialized, skipping
Registering precompiled user dll's ...
Registered in 0.001840 seconds.
Begin MonoManager ReloadAssembly
Native extension for WindowsStandalone target not found
Native extension for WebGL target not found
Refreshing native plugins compatible for Editor in 64.77 ms, found 1 plugins.
Preloading 0 native plugins for Editor in 0.00 ms.
Mono: successfully reloaded assembly
- Completed reload, in  1.508 seconds
Platform modules already initialized, skipping
========================================================================
Worker process is ready to serve import requests
Launched and connected shader compiler UnityShaderCompiler.exe after 0.08 seconds
Refreshing native plugins compatible for Editor in 0.53 ms, found 1 plugins.
Preloading 0 native plugins for Editor in 0.00 ms.
Unloading 2089 Unused Serialized files (Serialized files now loaded: 0)
System memory in use before: 95.2 MB.
System memory in use after: 95.3 MB.

Unloading 19 unused Assets to reduce memory usage. Loaded Objects now: 2537.
Total: 2.881700 ms (FindLiveObjects: 0.271900 ms CreateObjectMapping: 0.118900 ms MarkObjects: 2.391800 ms  DeleteObjects: 0.097200 ms)

========================================================================
Received Import Request.
  path: Assets/Scenes/PracticeScene [28-10-2021].unity
  artifactKey: Guid(d97b7cf44d9b3c545b76e2558172c825) Importer(815301076,1909f56bfc062723c751e8b465ee728b)
Start importing Assets/Scenes/PracticeScene [28-10-2021].unity using Guid(d97b7cf44d9b3c545b76e2558172c825) Importer(815301076,1909f56bfc062723c751e8b465ee728b)  -> (artifact id: 'c2aa8a1fd3caf33e8957f9c16532b64b') in 0.026351 seconds
  Import took 0.031194 seconds .

========================================================================
Received Prepare
Registering precompiled user dll's ...
Registered in 0.001625 seconds.
Begin MonoManager ReloadAssembly
Native extension for WindowsStandalone target not found
Native extension for WebGL target not found
Refreshing native plugins compatible for Editor in 0.50 ms, found 1 plugins.
Preloading 0 native plugins for Editor in 0.00 ms.
Mono: successfully reloaded assembly
- Completed reload, in  1.391 seconds
Platform modules already initialized, skipping
Refreshing native plugins compatible for Editor in 0.56 ms, found 1 plugins.
Preloading 0 native plugins for Editor in 0.00 ms.
Unloading 2066 Unused Serialized files (Serialized files now loaded: 0)
System memory in use before: 93.4 MB.
System memory in use after: 93.5 MB.

Unloading 7 unused Assets to reduce memory usage. Loaded Objects now: 2541.
Total: 2.911900 ms (FindLiveObjects: 0.442100 ms CreateObjectMapping: 0.268100 ms MarkObjects: 2.170800 ms  DeleteObjects: 0.028400 ms)

========================================================================
Received Prepare
Registering precompiled user dll's ...
Registered in 0.001629 seconds.
Begin MonoManager ReloadAssembly
Native extension for WindowsStandalone target not found
Native extension for WebGL target not found
Refreshing native plugins compatible for Editor in 0.50 ms, found 1 plugins.
Preloading 0 native plugins for Editor in 0.00 ms.
Mono: successfully reloaded assembly
- Completed reload, in  1.360 seconds
Platform modules already initialized, skipping
Refreshing native plugins compatible for Editor in 0.58 ms, found 1 plugins.
Preloading 0 native plugins for Editor in 0.00 ms.
Unloading 2066 Unused Serialized files (Serialized files now loaded: 0)
System memory in use before: 93.5 MB.
System memory in use after: 93.6 MB.

Unloading 7 unused Assets to reduce memory usage. Loaded Objects now: 2545.
Total: 3.268400 ms (FindLiveObjects: 0.302500 ms CreateObjectMapping: 0.179200 ms MarkObjects: 2.758000 ms  DeleteObjects: 0.026500 ms)

========================================================================
Received Import Request.
  Time since last request: 33.119169 seconds.
  path: Assets/Scripts/Commands/ICommand.cs
  artifactKey: Guid(e44953ac61bd44608fed72240c698796) Importer(815301076,1909f56bfc062723c751e8b465ee728b)
Start importing Assets/Scripts/Commands/ICommand.cs using Guid(e44953ac61bd44608fed72240c698796) Importer(815301076,1909f56bfc062723c751e8b465ee728b)  -> (artifact id: '8df581c5a29fc5c0f9ee5ce43cc3b398') in 0.065991 seconds
  Import took 0.071669 seconds .

========================================================================
Received Import Request.
  Time since last request: 0.521099 seconds.
  path: Assets/Scripts/Commands/CmdPlayTurn.cs
  artifactKey: Guid(c3d59dbc36a4e6345bcb7754d269e062) Importer(815301076,1909f56bfc062723c751e8b465ee728b)
Start importing Assets/Scripts/Commands/CmdPlayTurn.cs using Guid(c3d59dbc36a4e6345bcb7754d269e062) Importer(815301076,1909f56bfc062723c751e8b465ee728b)  -> (artifact id: '9a148f11148f7eda66a5a6c8c9a7abbb') in 0.011048 seconds
  Import took 0.016398 seconds .

========================================================================
Received Import Request.
  Time since last request: 0.039114 seconds.
  path: Assets/Scripts/Commands/CmdPlayTurn.cs
  artifactKey: Guid(c3d59dbc36a4e6345bcb7754d269e062) Importer(815301076,1909f56bfc062723c751e8b465ee728b)
Start importing Assets/Scripts/Commands/CmdPlayTurn.cs using Guid(c3d59dbc36a4e6345bcb7754d269e062) Importer(815301076,1909f56bfc062723c751e8b465ee728b)  -> (artifact id: '9a148f11148f7eda66a5a6c8c9a7abbb') in 0.005220 seconds
  Import took 0.010524 seconds .

========================================================================
Received Import Request.
  Time since last request: 0.539978 seconds.
  path: Assets/Scripts/Commands/CmdPerfomMotion.cs
  artifactKey: Guid(f226a3752c1591341b84e283ce3dd0af) Importer(815301076,1909f56bfc062723c751e8b465ee728b)
Start importing Assets/Scripts/Commands/CmdPerfomMotion.cs using Guid(f226a3752c1591341b84e283ce3dd0af) Importer(815301076,1909f56bfc062723c751e8b465ee728b)  -> (artifact id: '92989a9f436ad5c0d0792f97f4c76d95') in 0.011277 seconds
  Import took 0.016716 seconds .

========================================================================
Received Import Request.
  Time since last request: 0.001017 seconds.
  path: Assets/Scripts/Commands/CmdPerfomMotion.cs
  artifactKey: Guid(f226a3752c1591341b84e283ce3dd0af) Importer(815301076,1909f56bfc062723c751e8b465ee728b)
Start importing Assets/Scripts/Commands/CmdPerfomMotion.cs using Guid(f226a3752c1591341b84e283ce3dd0af) Importer(815301076,1909f56bfc062723c751e8b465ee728b)  -> (artifact id: '92989a9f436ad5c0d0792f97f4c76d95') in 0.004346 seconds
  Import took 0.010478 seconds .

========================================================================
Received Import Request.
  Time since last request: 3.043233 seconds.
  path: Assets/Scripts/Practice_2/Commands/PlayTurnCmd.cs
  artifactKey: Guid(4184a4b162337c141904185cdbc42e73) Importer(815301076,1909f56bfc062723c751e8b465ee728b)
Start importing Assets/Scripts/Practice_2/Commands/PlayTurnCmd.cs using Guid(4184a4b162337c141904185cdbc42e73) Importer(815301076,1909f56bfc062723c751e8b465ee728b)  -> (artifact id: 'cefb79cbafc574a27ec17a8a4604c184') in 0.016463 seconds
  Import took 0.024672 seconds .

========================================================================
Received Import Request.
  Time since last request: 0.000532 seconds.
  path: Assets/Scripts/Practice_2/Commands/PlayTurnCmd.cs
  artifactKey: Guid(4184a4b162337c141904185cdbc42e73) Importer(815301076,1909f56bfc062723c751e8b465ee728b)
Start importing Assets/Scripts/Practice_2/Commands/PlayTurnCmd.cs using Guid(4184a4b162337c141904185cdbc42e73) Importer(815301076,1909f56bfc062723c751e8b465ee728b)  -> (artifact id: 'cefb79cbafc574a27ec17a8a4604c184') in 0.004354 seconds
  Import took 0.011177 seconds .

========================================================================
Received Import Request.
  Time since last request: 5.026989 seconds.
  path: Assets/Scripts/Commands/CharacterFactoryCmd.cs
  artifactKey: Guid(96ba70d255e33eb49a43efe71f881619) Importer(815301076,1909f56bfc062723c751e8b465ee728b)
Start importing Assets/Scripts/Commands/CharacterFactoryCmd.cs using Guid(96ba70d255e33eb49a43efe71f881619) Importer(815301076,1909f56bfc062723c751e8b465ee728b)  -> (artifact id: 'e20cbfcaddbbb80e7880860b1f30ea97') in 0.009969 seconds
  Import took 0.018125 seconds .

========================================================================
Received Import Request.
  Time since last request: 0.002520 seconds.
  path: Assets/Scripts/Commands/CharacterFactoryCmd.cs
  artifactKey: Guid(96ba70d255e33eb49a43efe71f881619) Importer(815301076,1909f56bfc062723c751e8b465ee728b)
Start importing Assets/Scripts/Commands/CharacterFactoryCmd.cs using Guid(96ba70d255e33eb49a43efe71f881619) Importer(815301076,1909f56bfc062723c751e8b465ee728b)  -> (artifact id: 'e20cbfcaddbbb80e7880860b1f30ea97') in 0.003865 seconds
  Import took 0.009001 seconds .

========================================================================
Received Import Request.
  Time since last request: 15.018566 seconds.
  path: Assets/Scripts/Practice_2/Commands/PerfomMotionCmd.cs
  artifactKey: Guid(9d264295a1c451645a847ce2f159c69c) Importer(815301076,1909f56bfc062723c751e8b465ee728b)
Start importing Assets/Scripts/Practice_2/Commands/PerfomMotionCmd.cs using Guid(9d264295a1c451645a847ce2f159c69c) Importer(815301076,1909f56bfc062723c751e8b465ee728b)  -> (artifact id: 'f646d476a6cddb6778f872200db50499') in 0.010636 seconds
  Import took 0.015812 seconds .

========================================================================
Received Prepare
Registering precompiled user dll's ...
Registered in 0.001721 seconds.
Begin MonoManager ReloadAssembly
Native extension for WindowsStandalone target not found
Native extension for WebGL target not found
Refreshing native plugins compatible for Editor in 0.51 ms, found 1 plugins.
Preloading 0 native plugins for Editor in 0.00 ms.
Mono: successfully reloaded assembly
- Completed reload, in  1.352 seconds
Platform modules already initialized, skipping
Refreshing native plugins compatible for Editor in 0.54 ms, found 1 plugins.
Preloading 0 native plugins for Editor in 0.00 ms.
Unloading 2066 Unused Serialized files (Serialized files now loaded: 0)
System memory in use before: 93.5 MB.
System memory in use after: 93.6 MB.

Unloading 11 unused Assets to reduce memory usage. Loaded Objects now: 2549.
Total: 2.985600 ms (FindLiveObjects: 0.300200 ms CreateObjectMapping: 0.136500 ms MarkObjects: 2.517100 ms  DeleteObjects: 0.030000 ms)

========================================================================
Received Import Request.
  Time since last request: 263.225048 seconds.
  path: Assets/Scripts/Practice_2/Components/MyCharacterPlayInput.cs
  artifactKey: Guid(0acdb88bd5d6ab24eb4b2cf307f440e9) Importer(815301076,1909f56bfc062723c751e8b465ee728b)
Start importing Assets/Scripts/Practice_2/Components/MyCharacterPlayInput.cs using Guid(0acdb88bd5d6ab24eb4b2cf307f440e9) Importer(815301076,1909f56bfc062723c751e8b465ee728b)  -> (artifact id: '1d32b350706392e8a70111f8ca79b121') in 0.015317 seconds
  Import took 0.020239 seconds .

========================================================================
Received Import Request.
  Time since last request: 0.003561 seconds.
  path: Assets/Scripts/Practice_2/Components/MyCharacterPlayInput.cs
  artifactKey: Guid(0acdb88bd5d6ab24eb4b2cf307f440e9) Importer(815301076,1909f56bfc062723c751e8b465ee728b)
Start importing Assets/Scripts/Practice_2/Components/MyCharacterPlayInput.cs using Guid(0acdb88bd5d6ab24eb4b2cf307f440e9) Importer(815301076,1909f56bfc062723c751e8b465ee728b)  -> (artifact id: '1d32b350706392e8a70111f8ca79b121') in 0.005132 seconds
  Import took 0.010656 seconds .

========================================================================
Received Prepare
Registering precompiled user dll's ...
Registered in 0.001644 seconds.
Begin MonoManager ReloadAssembly
Native extension for WindowsStandalone target not found
Native extension for WebGL target not found
Refreshing native plugins compatible for Editor in 0.51 ms, found 1 plugins.
Preloading 0 native plugins for Editor in 0.00 ms.
Mono: successfully reloaded assembly
- Completed reload, in  1.384 seconds
Platform modules already initialized, skipping
Refreshing native plugins compatible for Editor in 0.62 ms, found 1 plugins.
Preloading 0 native plugins for Editor in 0.00 ms.
Unloading 2066 Unused Serialized files (Serialized files now loaded: 0)
System memory in use before: 93.5 MB.
System memory in use after: 93.6 MB.

Unloading 7 unused Assets to reduce memory usage. Loaded Objects now: 2553.
Total: 3.228600 ms (FindLiveObjects: 0.324600 ms CreateObjectMapping: 0.176600 ms MarkObjects: 2.698300 ms  DeleteObjects: 0.027100 ms)

========================================================================
Received Prepare
Registering precompiled user dll's ...
Registered in 0.001640 seconds.
Begin MonoManager ReloadAssembly
Native extension for WindowsStandalone target not found
Native extension for WebGL target not found
Refreshing native plugins compatible for Editor in 0.51 ms, found 1 plugins.
Preloading 0 native plugins for Editor in 0.00 ms.
Mono: successfully reloaded assembly
- Completed reload, in  1.465 seconds
Platform modules already initialized, skipping
Refreshing native plugins compatible for Editor in 0.59 ms, found 1 plugins.
Preloading 0 native plugins for Editor in 0.00 ms.
Unloading 2066 Unused Serialized files (Serialized files now loaded: 0)
System memory in use before: 93.5 MB.
System memory in use after: 93.6 MB.

Unloading 7 unused Assets to reduce memory usage. Loaded Objects now: 2557.
Total: 2.796100 ms (FindLiveObjects: 0.266300 ms CreateObjectMapping: 0.134500 ms MarkObjects: 2.369300 ms  DeleteObjects: 0.024400 ms)

========================================================================
Received Import Request.
  Time since last request: 17.517271 seconds.
  path: Assets/Scripts/Infrastructure/PlayGateway.cs
  artifactKey: Guid(db127529fae4b814cad51dcdb0939d52) Importer(815301076,1909f56bfc062723c751e8b465ee728b)
Start importing Assets/Scripts/Infrastructure/PlayGateway.cs using Guid(db127529fae4b814cad51dcdb0939d52) Importer(815301076,1909f56bfc062723c751e8b465ee728b)  -> (artifact id: 'c1d4ef74fff4391764fc18e257605cc2') in 0.014049 seconds
  Import took 0.019035 seconds .

========================================================================
Received Import Request.
  Time since last request: 4.395511 seconds.
  path: Assets/Scripts/Practice_2/ViewModel/MyCharacterMotion.cs
  artifactKey: Guid(2399fd2a664d59e498342fd46ae60b34) Importer(815301076,1909f56bfc062723c751e8b465ee728b)
Start importing Assets/Scripts/Practice_2/ViewModel/MyCharacterMotion.cs using Guid(2399fd2a664d59e498342fd46ae60b34) Importer(815301076,1909f56bfc062723c751e8b465ee728b)  -> (artifact id: '449507b1a070ef8ffaf4fe8bd12aedce') in 0.013516 seconds
  Import took 0.018070 seconds .

========================================================================
Received Import Request.
  Time since last request: 0.000900 seconds.
  path: Assets/Scripts/Practice_2/ViewModel/MyCharacterMotion.cs
  artifactKey: Guid(2399fd2a664d59e498342fd46ae60b34) Importer(815301076,1909f56bfc062723c751e8b465ee728b)
Start importing Assets/Scripts/Practice_2/ViewModel/MyCharacterMotion.cs using Guid(2399fd2a664d59e498342fd46ae60b34) Importer(815301076,1909f56bfc062723c751e8b465ee728b)  -> (artifact id: '449507b1a070ef8ffaf4fe8bd12aedce') in 0.005580 seconds
  Import took 0.011618 seconds .

========================================================================
Received Import Request.
  Time since last request: 0.438665 seconds.
  path: Assets/Scripts/Practice_2/ViewModel/MyCharacterData.cs
  artifactKey: Guid(9aa43298a248789499128773d3a82e5a) Importer(815301076,1909f56bfc062723c751e8b465ee728b)
Start importing Assets/Scripts/Practice_2/ViewModel/MyCharacterData.cs using Guid(9aa43298a248789499128773d3a82e5a) Importer(815301076,1909f56bfc062723c751e8b465ee728b)  -> (artifact id: 'a1736119ca2da5c5d65f37ca1419393a') in 0.014268 seconds
  Import took 0.021180 seconds .

========================================================================
Received Prepare
Registering precompiled user dll's ...
Registered in 0.001652 seconds.
Begin MonoManager ReloadAssembly
Native extension for WindowsStandalone target not found
Native extension for WebGL target not found
Refreshing native plugins compatible for Editor in 0.50 ms, found 1 plugins.
Preloading 0 native plugins for Editor in 0.00 ms.
Mono: successfully reloaded assembly
- Completed reload, in  1.354 seconds
Platform modules already initialized, skipping
Refreshing native plugins compatible for Editor in 0.54 ms, found 1 plugins.
Preloading 0 native plugins for Editor in 0.00 ms.
Unloading 2066 Unused Serialized files (Serialized files now loaded: 0)
System memory in use before: 93.5 MB.
System memory in use after: 93.7 MB.

Unloading 7 unused Assets to reduce memory usage. Loaded Objects now: 2561.
Total: 3.260600 ms (FindLiveObjects: 0.344000 ms CreateObjectMapping: 0.139400 ms MarkObjects: 2.747100 ms  DeleteObjects: 0.028000 ms)

========================================================================
Received Prepare
Registering precompiled user dll's ...
Registered in 0.001876 seconds.
Begin MonoManager ReloadAssembly
Native extension for WindowsStandalone target not found
Native extension for WebGL target not found
Refreshing native plugins compatible for Editor in 0.50 ms, found 1 plugins.
Preloading 0 native plugins for Editor in 0.00 ms.
Mono: successfully reloaded assembly
- Completed reload, in  1.454 seconds
Platform modules already initialized, skipping
Refreshing native plugins compatible for Editor in 0.54 ms, found 1 plugins.
Preloading 0 native plugins for Editor in 0.00 ms.
Unloading 2066 Unused Serialized files (Serialized files now loaded: 0)
System memory in use before: 93.5 MB.
System memory in use after: 93.7 MB.

Unloading 7 unused Assets to reduce memory usage. Loaded Objects now: 2565.
Total: 3.058100 ms (FindLiveObjects: 0.335600 ms CreateObjectMapping: 0.184200 ms MarkObjects: 2.509900 ms  DeleteObjects: 0.026500 ms)

========================================================================
Received Import Request.
  Time since last request: 67.615601 seconds.
  path: Assets/Data/Practice_1/Tina.asset
  artifactKey: Guid(81834ced5edf16b4881fcaeba4f306b6) Importer(815301076,1909f56bfc062723c751e8b465ee728b)
Start importing Assets/Data/Practice_1/Tina.asset using Guid(81834ced5edf16b4881fcaeba4f306b6) Importer(815301076,1909f56bfc062723c751e8b465ee728b)  -> (artifact id: '897399d48a361564c1e37cb1f13036f9') in 0.070642 seconds
  Import took 0.077669 seconds .

========================================================================
Received Import Request.
  Time since last request: 12.926751 seconds.
  path: Assets/Data/Jump.asset
  artifactKey: Guid(e72a99b1d797ba04ebeaf911310824b4) Importer(815301076,1909f56bfc062723c751e8b465ee728b)
Start importing Assets/Data/Jump.asset using Guid(e72a99b1d797ba04ebeaf911310824b4) Importer(815301076,1909f56bfc062723c751e8b465ee728b)  -> (artifact id: 'bfcb51514174cd946ee25f70656fe688') in 0.011626 seconds
  Import took 0.016573 seconds .

========================================================================
Received Import Request.
  Time since last request: 0.001291 seconds.
  path: Assets/Data/Jump.asset
  artifactKey: Guid(e72a99b1d797ba04ebeaf911310824b4) Importer(815301076,1909f56bfc062723c751e8b465ee728b)
Start importing Assets/Data/Jump.asset using Guid(e72a99b1d797ba04ebeaf911310824b4) Importer(815301076,1909f56bfc062723c751e8b465ee728b)  -> (artifact id: 'bfcb51514174cd946ee25f70656fe688') in 0.005637 seconds
  Import took 0.010512 seconds .

========================================================================
Received Import Request.
  Time since last request: 26.841917 seconds.
  path: Assets/Data/FactoryCharacterCmd.asset
  artifactKey: Guid(53b690e0b6011cd4ebb9c84440c22275) Importer(815301076,1909f56bfc062723c751e8b465ee728b)
Start importing Assets/Data/FactoryCharacterCmd.asset using Guid(53b690e0b6011cd4ebb9c84440c22275) Importer(815301076,1909f56bfc062723c751e8b465ee728b)  -> (artifact id: 'd83c39a9f32217a8234ff0d2f9153756') in 0.010684 seconds
  Import took 0.015309 seconds .

========================================================================
Received Prepare
Registering precompiled user dll's ...
Registered in 0.002029 seconds.
Begin MonoManager ReloadAssembly
Native extension for WindowsStandalone target not found
Native extension for WebGL target not found
Refreshing native plugins compatible for Editor in 0.50 ms, found 1 plugins.
Preloading 0 native plugins for Editor in 0.00 ms.
Mono: successfully reloaded assembly
- Completed reload, in  1.570 seconds
Platform modules already initialized, skipping
Refreshing native plugins compatible for Editor in 0.55 ms, found 1 plugins.
Preloading 0 native plugins for Editor in 0.00 ms.
Unloading 2066 Unused Serialized files (Serialized files now loaded: 0)
System memory in use before: 93.6 MB.
System memory in use after: 93.7 MB.

Unloading 7 unused Assets to reduce memory usage. Loaded Objects now: 2569.
Total: 3.470000 ms (FindLiveObjects: 0.403100 ms CreateObjectMapping: 0.219700 ms MarkObjects: 2.815700 ms  DeleteObjects: 0.029500 ms)

========================================================================
Received Import Request.
  Time since last request: 40.258655 seconds.
  path: Assets/Scenes/PracticeScene_Sample1.unity
  artifactKey: Guid(7d79c8f093106df4da7d3397c241b029) Importer(815301076,1909f56bfc062723c751e8b465ee728b)
Start importing Assets/Scenes/PracticeScene_Sample1.unity using Guid(7d79c8f093106df4da7d3397c241b029) Importer(815301076,1909f56bfc062723c751e8b465ee728b)  -> (artifact id: '43663b633a24a5785a68deb23f1619ea') in 0.021114 seconds
  Import took 0.025761 seconds .

========================================================================
Received Import Request.
  Time since last request: 5.462220 seconds.
  path: Assets/Scenes/PracticeScene_Sample2.unity
  artifactKey: Guid(d97b7cf44d9b3c545b76e2558172c825) Importer(815301076,1909f56bfc062723c751e8b465ee728b)
Start importing Assets/Scenes/PracticeScene_Sample2.unity using Guid(d97b7cf44d9b3c545b76e2558172c825) Importer(815301076,1909f56bfc062723c751e8b465ee728b)  -> (artifact id: '45040e322119b628c137a1511ec5e3f5') in 0.012024 seconds
  Import took 0.018204 seconds .

========================================================================
Received Import Request.
  Time since last request: 0.003917 seconds.
  path: Assets/Scenes/PracticeScene_Sample2.unity
  artifactKey: Guid(d97b7cf44d9b3c545b76e2558172c825) Importer(815301076,1909f56bfc062723c751e8b465ee728b)
Start importing Assets/Scenes/PracticeScene_Sample2.unity using Guid(d97b7cf44d9b3c545b76e2558172c825) Importer(815301076,1909f56bfc062723c751e8b465ee728b)  -> (artifact id: '45040e322119b628c137a1511ec5e3f5') in 0.005877 seconds
  Import took 0.012025 seconds .

========================================================================
Received Import Request.
  Time since last request: 9.736916 seconds.
  path: Assets/Scripts/Components/MyCharacterBarDisplay.cs
  artifactKey: Guid(623974ca8e0ee974da718ea9601a1eda) Importer(815301076,1909f56bfc062723c751e8b465ee728b)
Start importing Assets/Scripts/Components/MyCharacterBarDisplay.cs using Guid(623974ca8e0ee974da718ea9601a1eda) Importer(815301076,1909f56bfc062723c751e8b465ee728b)  -> (artifact id: 'c2a0e1bde6cd8f5cbeb06fcd06d05144') in 0.010797 seconds
  Import took 0.015730 seconds .

========================================================================
Received Import Request.
  Time since last request: 7.882763 seconds.
  path: Assets/Scripts/Components/GamePlayInput.cs
  artifactKey: Guid(4009a935170bb3a47850bf0b345626fd) Importer(815301076,1909f56bfc062723c751e8b465ee728b)
Start importing Assets/Scripts/Components/GamePlayInput.cs using Guid(4009a935170bb3a47850bf0b345626fd) Importer(815301076,1909f56bfc062723c751e8b465ee728b)  -> (artifact id: 'c74aef1e54725e467388c8899ae39e99') in 0.012425 seconds
  Import took 0.018034 seconds .

========================================================================
Received Import Request.
  Time since last request: 0.001130 seconds.
  path: Assets/Scripts/Components/GamePlayInput.cs
  artifactKey: Guid(4009a935170bb3a47850bf0b345626fd) Importer(815301076,1909f56bfc062723c751e8b465ee728b)
Start importing Assets/Scripts/Components/GamePlayInput.cs using Guid(4009a935170bb3a47850bf0b345626fd) Importer(815301076,1909f56bfc062723c751e8b465ee728b)  -> (artifact id: 'c74aef1e54725e467388c8899ae39e99') in 0.004788 seconds
  Import took 0.009695 seconds .

========================================================================
Received Import Request.
  Time since last request: 5.374110 seconds.
  path: Assets/Scripts/Components/MyCharacterNameDisplay.cs
  artifactKey: Guid(b11f37e5868238a47aa0219a3160430a) Importer(815301076,1909f56bfc062723c751e8b465ee728b)
Start importing Assets/Scripts/Components/MyCharacterNameDisplay.cs using Guid(b11f37e5868238a47aa0219a3160430a) Importer(815301076,1909f56bfc062723c751e8b465ee728b)  -> (artifact id: '6455124ee887529642830016d3b8fa4f') in 0.010869 seconds
  Import took 0.015922 seconds .

========================================================================
Received Import Request.
  Time since last request: 0.606336 seconds.
  path: Assets/Scripts/Components/MyCharacterMotionInput.cs
  artifactKey: Guid(69972eae915eb9c4a8dcaeb2a8484b8a) Importer(815301076,1909f56bfc062723c751e8b465ee728b)
Start importing Assets/Scripts/Components/MyCharacterMotionInput.cs using Guid(69972eae915eb9c4a8dcaeb2a8484b8a) Importer(815301076,1909f56bfc062723c751e8b465ee728b)  -> (artifact id: 'e6f395d4ac0c0d5a88682224060d27fc') in 0.010684 seconds
  Import took 0.015923 seconds .

========================================================================
Received Import Request.
  Time since last request: 1.903617 seconds.
  path: Assets/Scripts/Components/MyCharacterChargeInput.cs
  artifactKey: Guid(1677000c2d921284481e363c98809d26) Importer(815301076,1909f56bfc062723c751e8b465ee728b)
Start importing Assets/Scripts/Components/MyCharacterChargeInput.cs using Guid(1677000c2d921284481e363c98809d26) Importer(815301076,1909f56bfc062723c751e8b465ee728b)  -> (artifact id: '6e53367fa306e8c3b2018d7bf67bc8fe') in 0.010721 seconds
  Import took 0.015692 seconds .

AssetImportWorkerClient::OnTransportError - code=2 error=End of file
